<?xml version="1.0" encoding="UTF-8"?>
<!-- Generated by org.testng.reporters.JUnitReportReporter -->
<testsuite skipped="0" hostname="CBR-LAP-DEL2381" name="com.testPack.one.TestClassOne" tests="2" failures="0" timestamp="18 Nov 2017 05:34:35 GMT" time="0.006" errors="0">
  <testcase name="atTestTwo" time="0.001" classname="com.testPack.one.TestClassOne"/>
  <testcase name="atTestOne" time="0.005" classname="com.testPack.one.TestClassOne"/>
</testsuite> <!-- com.testPack.one.TestClassOne -->
